100
0 281 0 6 1 180 1368 34 505 3 186 104 11 2 4227 7 4 49 709 18 5 25 4040 3053 6614 8949 251 6779 6045 176 138 797
1 6 11 0 21 114 19 22 12 3038 4 1 100 1434 62 17 18 171 5 13 2 161 2135 724 2052 8512 15 187 9 243 2218 8629 251 23 136 3 2262 1428 8 236
2 23 0 16 137 9547 2 41 1 111 3 65 2878 34 6 110 54 1311 9 11 21 180 6359 50 252 74 7702 33 4 29 7 637 19 268 178 17 1495 27 3774 2264 2848
3 9 8733 68 244 433 11 0 81 4 4138 5350 2 3 21 207 33 161 1130 10 12 1593 651 2657 75 173 197 134 18 499 7 28 273 19 1888 554 1671 138
4 25 0 39 2132 21 1863 14 38 28 1 15 779 1843 68 1623 157 1956 375 19 4 2195 18 3 7 891 229 2706 3689 519 2 5 129 511 36 7687 27 3767 3975 1502
5 7 1966 8 116 0 2498 15 9 14 75 1209 933 37 1 2 168 7497 3881 117 5197 97 303 41 4 21 27 5 2478 5863 3 599 4552 23 199 13 16 362 19 8044 155 1756 3110 138 3849 1263
6 61 845 0 288 2 29 1 1378 6571 519 78 2177 1250 383 7399 57 2961 90 10 3955 188 20 4 225 826 521 1476 26 14 6907 7 95 166 1327 3379 2902
7 96 0 2 49 40 442 3 11 24 462 205 47 173 4 89 157 22 822 6731 1 5 168 584 230 458 7 933 6 66 2045 28 1310 1290 2264
8 23 0 16 137 9547 2 41 1 111 3 65 2878 34 6 110 54 1311 9 11 21 180 6359 50 252 74 7702 33 4 29 7 637 19 268 178 17 1495 27 3774 1290
9 0 2 2178 4 1283 115 188 7820 5127 57 34 56 3 660 5 3100 135 6 3249 425 8 409 9 24 2158 5063 307 1 227 15 21 6549 1397 1554 14 285 138 709 900 6729
10 1363 4 33 2 26 1390 836 12 2950 6 2628 559 9086 5638 1041 4372 628 13 338 419 505 0 224 169 101 476 544 1 7 28 9 2848 355 3071 5926
11 6 11 0 21 114 19 22 12 3038 4 1 100 1434 62 17 18 171 5 13 2 161 2135 724 2052 8512 15 187 9 243 2218 8629 251 23 136 3 2262 1428 8 236
12 61 845 0 288 2 29 1 1378 6571 519 78 2177 1250 383 7399 57 2961 90 10 3955 188 20 4 225 826 521 1476 26 14 6907 7 95 166 1327 3379 2902
13 4 50 1156 26 39 33 0 1042 2 3 5 11 8 1 7 55 1948 35 233 6 17 53 1959 1438 28 19 3324 129 5834 1152 107 1967 152 2579 138 1482 7242
14 0 55 89 4104 5850 1 1378 264 550 3 24 1866 2986 101 4685 148 99 70 2 134 8076 4474 3768 4 35 1902 6604 437 2619 4133 9 909 224 329 8 2153
15 22 52 54 7 0 138 103 405 3476 3679 284 2114 87 4 1 20 186 45 6 2521 602 3 2250 36 106 178 34 886 13 262 84 107 98 686 3244
16 2385 0 22 264 258 612 142 12 3 8365 21 1 4 2 19 234 435 625 517 3502 13 64 1210 1401 58 40 621 418 1332 659 184 16 992 275 9295 36 148 1979 6450 126
17 28 1436 9798 2844 222 0 12 6249 4 587 5027 289 8 13 258 1 1816 2333 5893 189 2 4807 4335 38 493 3 76 19 249 68 59 187 1951 948 2889
18 0 18 1687 286 2 3626 95 4 157 10 17 4781 178 56 1 33 1052 465 8703 939 7 242 35 14 362 3 6787 7557 720 356 31 1071 138 708
19 31 1 9 6697 4 91 20 0 3699 5 602 6 8488 1011 7 7387 12 539 16 3 5294 3790 22 188 940 2233 73 19 419 231 980 358 2444 708 2264
20 26 148 1 1290 15 2979 107 2 3 8 0 406 9798 712 676 6 35 4 17 49 105 206 1005 9562 1481 20 379 336 158 1168 3317 41 1919 989
21 8 5 3 12 183 8843 59 1996 4 5270 105 39 10 1 1954 27 13 0 155 3644 7 447 151 665 2 9061 455 6082 8886 1806 79 44 583 867
22 23 0 16 137 9547 2 41 1 111 3 65 2878 34 6 110 54 1311 9 11 21 180 6359 50 252 74 7702 33 4 29 7 637 19 268 178 17 1495 27 3774 1310 1290
23 4 50 1156 26 39 33 0 1042 2 3 5 11 8 1 7 55 1948 35 233 6 17 53 1959 1438 28 19 3324 129 5834 1152 107 1967 152 2579 138 2060 1334
24 8 5 3 12 183 8843 59 1996 4 5270 105 39 10 1 1954 27 13 0 155 3644 7 447 151 665 2 9061 455 6082 8886 1806 79 44 583 867
25 12 129 140 101 266 115 0 1235 130 193 5 2 7685 1001 109 138 3 1134 168 37 344 6642 1 433 1048 26 83 4060 1532 4722 57 8 1495 583 2264
26 26 148 1 1290 15 2979 107 2 3 8 0 406 9798 712 676 6 35 4 17 49 105 206 1005 9562 1481 20 379 336 158 1168 3317 41 1919 989 3975
27 23 0 16 137 9547 2 41 1 111 3 65 2878 34 6 110 54 1311 9 11 21 180 6359 50 252 74 7702 33 4 29 7 637 19 268 178 17 1495 27 3774 2848 3097
28 42 0 7 1108 432 36 19 46 5412 15 9338 422 1 2 3 478 44 6 1460 21 1552 205 4 3617 588 383 315 1694 815 37 38 9517 708 1263 968 5921
29 2684 0 67 1 41 1389 350 5020 84 391 37 5 1099 143 29 11 3 2212 2 180 448 9357 153 4 6438 6 197 360 437 9 158 268 968 138 2153
30 1363 4 33 2 26 1390 836 12 2950 6 2628 559 9086 5638 1041 4372 628 13 338 419 505 0 224 169 101 476 544 1 7 28 9 2848 355 3071 1310
31 9 8733 68 244 433 11 0 81 4 4138 5350 2 3 21 207 33 161 1130 10 12 1593 651 2657 75 173 197 134 18 499 7 28 273 19 1888 554 138 5921
32 281 0 6 1 180 1368 34 505 3 186 104 11 2 4227 7 4 49 709 18 5 25 4040 3053 6614 8949 251 6779 6045 176 138 797
33 22 52 54 7 0 138 103 405 3476 3679 284 2114 87 4 1 20 186 45 6 2521 602 3 2250 36 106 178 34 886 13 262 84 107 98 686 2848
34 3140 10 322 19 1372 412 0 6755 395 62 2 6 15 18 51 514 866 16 817 594 54 106 1233 363 1 69 4659 57 6130 3 587 7 371 1089 776 1737 3097
35 8973 272 3 419 2 297 23 1959 88 19 0 28 118 123 646 42 29 6137 14 108 9957 64 1 35 51 7718 235 4 3236 24 8 11 1752 7970 138
36 26 148 1 1290 15 2979 107 2 3 8 0 406 9798 712 676 6 35 4 17 49 105 206 1005 9562 1481 20 379 336 158 1168 3317 41 1919 989
37 2 510 26 230 7433 23 2282 334 20 4 45 121 216 0 6 369 25 4478 70 225 1 978 184 7981 266 7 100 395 14 295 16 2739 348 3 72 115 9 8 138 968 1290 1737
38 14 8 1 0 21 1759 2 16 9711 6 1606 7 12 3 1937 4 337 32 59 37 5472 94 641 502 839 271 24 1424 60 61 1671 355 9 155 138 120 6656 3097 1334
39 8 5 3 12 183 8843 59 1996 4 5270 105 39 10 1 1954 27 13 0 155 3644 7 447 151 665 2 9061 455 6082 8886 1806 79 44 583 867
40 0 439 48 452 262 5 11 3016 284 9 1 202 7574 1846 109 28 4790 582 12 37 1740 8 526 2 3 105 412 20 566 4314 1184 1958 859 1502
41 62 19 247 5154 210 39 1039 214 11 1 137 250 0 280 23 3 7606 516 27 935 655 88 218 20 44 82 2 561 86 36 18 669 7 9519 15 1058 4 331 7347 176 3172 2153 2848
42 42 0 7 1108 432 36 19 46 5412 15 9338 422 1 2 3 478 44 6 1460 21 1552 205 4 3617 588 383 315 1694 815 37 38 9517 708 1263 968 2153
43 6 11 0 21 114 19 22 12 3038 4 1 100 1434 62 17 18 171 5 13 2 161 2135 724 2052 8512 15 187 9 243 2218 8629 251 23 136 3 2262 1428 8 236
44 6169 0 53 111 778 6 4152 2 1107 117 38 83 1696 1 8 88 3 69 63 90 26 486 66 4964 113 3249 708 936 4 884 24 3499 7 566 3831
45 8 5 3 12 183 8843 59 1996 4 5270 105 39 10 1 1954 27 13 0 155 3644 7 447 151 665 2 9061 455 6082 8886 1806 79 44 583 867
46 1363 4 33 2 26 1390 836 12 2950 6 2628 559 9086 5638 1041 4372 628 13 338 419 505 0 224 169 101 476 544 1 7 28 9 2848 355 3071 1502
47 61 845 0 288 2 29 1 1378 6571 519 78 2177 1250 383 7399 57 2961 90 10 3955 188 20 4 225 826 521 1476 26 14 6907 7 95 166 1327 3379 2902
48 0 2 2178 4 1283 115 188 7820 5127 57 34 56 3 660 5 3100 135 6 3249 425 8 409 9 24 2158 5063 307 1 227 15 21 6549 1397 1554 14 285 138 709 900
49 762 6 141 4 0 1593 1 1499 11 10 5 33 73 1883 427 1119 3 388 62 1279 2 358 109 8 9 17 8180 28 58 276 57 63 47 245 3561 977 1482 1671 3097
50 8 5 3 12 183 8843 59 1996 4 5270 105 39 10 1 1954 27 13 0 155 3644 7 447 151 665 2 9061 455 6082 8886 1806 79 44 583 867
51 0 1 9234 28 33 4 2 8783 9 213 6 23 4705 597 788 4606 288 966 78 14 13 22 2410 63 200 7 508 21 45 1728 17 159 24 725 334 1989 2420 27 2818 9365
52 50 51 175 1 0 7 5299 27 270 19 389 301 498 25 16 2 37 3 1017 1401 6689 8056 5 4947 6 120 5681 14 5524 38 1561 13 269 2625 309 56 28 224 4226 4869 1954 6402
53 2 510 26 230 7433 23 2282 334 20 4 45 121 216 0 6 369 25 4478 70 225 1 978 184 7981 266 7 100 395 14 295 16 2739 348 3 72 115 9 8 138 968 2153
54 61 845 0 288 2 29 1 1378 6571 519 78 2177 1250 383 7399 57 2961 90 10 3955 188 20 4 225 826 521 1476 26 14 6907 7 95 166 1327 3379 2902
55 2 510 26 230 7433 23 2282 334 20 4 45 121 216 0 6 369 25 4478 70 225 1 978 184 7981 266 7 100 395 14 295 16 2739 348 3 72 115 9 8 138 968 3244 1737
56 8 5 3 12 183 8843 59 1996 4 5270 105 39 10 1 1954 27 13 0 155 3644 7 447 151 665 2 9061 455 6082 8886 1806 79 44 583 867
57 4 50 1156 26 39 33 0 1042 2 3 5 11 8 1 7 55 1948 35 233 6 17 53 1959 1438 28 19 3324 129 5834 1152 107 1967 152 2579 138 968 1495 3975
58 41 2 36 2012 0 112 299 1 7 25 6 51 9628 17 319 7274 703 77 1363 48 1159 124 18 15 178 3 221 1540 111 8 1044 1799 138 869 126 3106 120 2153 1290
59 4 9 2 65 167 21 323 0 5 769 75 1011 1 111 203 31 125 725 8601 6408 93 35 3843 6238 225 2187 1429 64 39 1728 22 11 1412 2060 977 8450 554
60 0 412 18 23 9 4 13 168 2025 77 10 85 1148 5 1304 2160 156 474 130 1128 1213 2380 8743 6379 15 625 7 132 19 1723 21 26 11 5442 28 65 27 2848 8 5985 4247
61 2 510 26 230 7433 23 2282 334 20 4 45 121 216 0 6 369 25 4478 70 225 1 978 184 7981 266 7 100 395 14 295 16 2739 348 3 72 115 9 8 138 968 1263
62 47 0 3 2 26 1583 21 45 4 117 5 100 6025 3915 1 12 672 7777 1503 42 17 29 19 24 68 169 8 1591 796 5778 92 38 869 1263
63 0 2 2178 4 1283 115 188 7820 5127 57 34 56 3 660 5 3100 135 6 3249 425 8 409 9 24 2158 5063 307 1 227 15 21 6549 1397 1554 14 285 138 709 900 3097
64 26 148 1 1290 15 2979 107 2 3 8 0 406 9798 712 676 6 35 4 17 49 105 206 1005 9562 1481 20 379 336 158 1168 3317 41 1919 989 1671
65 42 0 7 1108 432 36 19 46 5412 15 9338 422 1 2 3 478 44 6 1460 21 1552 205 4 3617 588 383 315 1694 815 37 38 9517 708 1263 968 3244 3975
66 4 50 1156 26 39 33 0 1042 2 3 5 11 8 1 7 55 1948 35 233 6 17 53 1959 1438 28 19 3324 129 5834 1152 107 1967 152 2579 138 6656 1671
67 23 0 16 137 9547 2 41 1 111 3 65 2878 34 6 110 54 1311 9 11 21 180 6359 50 252 74 7702 33 4 29 7 637 19 268 178 17 1495 27 3774 1671 5921
68 9 8733 68 244 433 11 0 81 4 4138 5350 2 3 21 207 33 161 1130 10 12 1593 651 2657 75 173 197 134 18 499 7 28 273 19 1888 554 138 1502
69 762 6 141 4 0 1593 1 1499 11 10 5 33 73 1883 427 1119 3 388 62 1279 2 358 109 8 9 17 8180 28 58 276 57 63 47 245 3561 977 1482 1671
70 582 0 1257 151 2624 446 6 990 2862 8 82 203 17 18 57 34 46 315 2 158 3 809 33 5492 10 102 132 4 2033 76 501 9896 3600 204 1224 609 1365 1954
71 2684 0 67 1 41 1389 350 5020 84 391 37 5 1099 143 29 11 3 2212 2 180 448 9357 153 4 6438 6 197 360 437 9 158 268 968 138 1671 3097
72 2 510 26 230 7433 23 2282 334 20 4 45 121 216 0 6 369 25 4478 70 225 1 978 184 7981 266 7 100 395 14 295 16 2739 348 3 72 115 9 8 138 968
73 23 0 16 137 9547 2 41 1 111 3 65 2878 34 6 110 54 1311 9 11 21 180 6359 50 252 74 7702 33 4 29 7 637 19 268 178 17 1495 27 3774
74 12 129 140 101 266 115 0 1235 130 193 5 2 7685 1001 109 138 3 1134 168 37 344 6642 1 433 1048 26 83 4060 1532 4722 57 8 1495 583 2848 3097
75 67 1119 194 4 245 8150 775 0 5990 3 2266 17 23 1072 981 55 344 32 1 28 88 250 236 345 92 26 96 9134 15 37 5 4063 13 2193 9768 21 253 583 2264 3244 1671
76 43 0 2 39 10 3 3228 16 27 455 5 22 128 103 245 11 3279 48 17 47 1 8 35 556 6 34 45 108 129 305 6288 155 869 2060 8095 900 867
77 9 8733 68 244 433 11 0 81 4 4138 5350 2 3 21 207 33 161 1130 10 12 1593 651 2657 75 173 197 134 18 499 7 28 273 19 1888 554
78 4 50 1156 26 39 33 0 1042 2 3 5 11 8 1 7 55 1948 35 233 6 17 53 1959 1438 28 19 3324 129 5834 1152 107 1967 152 2579 138 3244 5276 3756
79 0 500 2051 33 2221 98 238 5 21 2 4 3 1757 227 23 10 7 77 218 351 1896 11 2987 1121 9041 1318 96 13 79 1340 485 9514
80 41 2 36 2012 0 112 299 1 7 25 6 51 9628 17 319 7274 703 77 1363 48 1159 124 18 15 178 3 221 1540 111 8 1044 1799 138 869 126 3106 120 708
81 47 0 3 2 26 1583 21 45 4 117 5 100 6025 3915 1 12 672 7777 1503 42 17 29 19 24 68 169 8 1591 796 5778 92 38 869 1263
82 2 510 26 230 7433 23 2282 334 20 4 45 121 216 0 6 369 25 4478 70 225 1 978 184 7981 266 7 100 395 14 295 16 2739 348 3 72 115 9 8 138 968 1671 3097
83 406 63 3 0 1027 328 1 2 469 9 27 1127 3730 597 278 71 4051 561 92 5 6137 36 21 39 714 24 19 5361 67 99 1388 280 554 138
84 9 8733 68 244 433 11 0 81 4 4138 5350 2 3 21 207 33 161 1130 10 12 1593 651 2657 75 173 197 134 18 499 7 28 273 19 1888 554 138 2264
85 1363 4 33 2 26 1390 836 12 2950 6 2628 559 9086 5638 1041 4372 628 13 338 419 505 0 224 169 101 476 544 1 7 28 9 2848 355 3071 6729
86 2 510 26 230 7433 23 2282 334 20 4 45 121 216 0 6 369 25 4478 70 225 1 978 184 7981 266 7 100 395 14 295 16 2739 348 3 72 115 9 8 138 968 1263
87 281 0 6 1 180 1368 34 505 3 186 104 11 2 4227 7 4 49 709 18 5 25 4040 3053 6614 8949 251 6779 6045 176 138 797
88 406 63 3 0 1027 328 1 2 469 9 27 1127 3730 597 278 71 4051 561 92 5 6137 36 21 39 714 24 19 5361 67 99 1388 280 554 138
89 23 0 16 137 9547 2 41 1 111 3 65 2878 34 6 110 54 1311 9 11 21 180 6359 50 252 74 7702 33 4 29 7 637 19 268 178 17 1495 27 3774
90 0 2 2178 4 1283 115 188 7820 5127 57 34 56 3 660 5 3100 135 6 3249 425 8 409 9 24 2158 5063 307 1 227 15 21 6549 1397 1554 14 285 138 709 900 1290
91 3 1 0 651 663 12 13 8088 2 5 112 84 4370 22 2665 15 4 3003 164 55 5275 443 42 48 111 142 9 6 2477 60 407 4148 327 473 19 114 2591 859 1671
92 281 0 6 1 180 1368 34 505 3 186 104 11 2 4227 7 4 49 709 18 5 25 4040 3053 6614 8949 251 6779 6045 176 138 797
93 26 148 1 1290 15 2979 107 2 3 8 0 406 9798 712 676 6 35 4 17 49 105 206 1005 9562 1481 20 379 336 158 1168 3317 41 1919 989
94 13 12 5 3 1966 7995 27 2610 0 11 10 722 29 102 47 1 6 2 835 97 23 104 8 127 65 82 402 7 15 98 332 76 52 982 436 277 3244 554 5921
95 22 52 54 7 0 138 103 405 3476 3679 284 2114 87 4 1 20 186 45 6 2521 602 3 2250 36 106 178 34 886 13 262 84 107 98 686 2848
96 2684 0 67 1 41 1389 350 5020 84 391 37 5 1099 143 29 11 3 2212 2 180 448 9357 153 4 6438 6 197 360 437 9 158 268 968 138 1502 7055
97 2 510 26 230 7433 23 2282 334 20 4 45 121 216 0 6 369 25 4478 70 225 1 978 184 7981 266 7 100 395 14 295 16 2739 348 3 72 115 9 8 138 968 1263
98 0 439 48 452 262 5 11 3016 284 9 1 202 7574 1846 109 28 4790 582 12 37 1740 8 526 2 3 105 412 20 566 4314 1184 1958 859 3097
99 8 5 3 12 183 8843 59 1996 4 5270 105 39 10 1 1954 27 13 0 155 3644 7 447 151 665 2 9061 455 6082 8886 1806 79 44 583 867
